<?xml version="1.0" encoding="UTF-8"?>
<!-- Generated by org.testng.reporters.JUnitReportReporter -->
<testsuite hostname="naimchowdhury-pc" failures="0" tests="3" name="runnerclass.testngrunner" time="8.328" errors="0" timestamp="19 Apr 2022 03:54:03 GMT" skipped="0">
  <testcase classname="runnerclass.testngrunner" name="runScenario" time="2.076"/>
  <testcase classname="runnerclass.testngrunner" name="runScenario" time="2.307"/>
  <testcase classname="runnerclass.testngrunner" name="runScenario" time="3.945"/>
</testsuite> <!-- runnerclass.testngrunner -->
