<?xml version="1.0" encoding="UTF-8"?>
<!-- Generated by org.testng.reporters.JUnitReportReporter -->
<testsuite hostname="naimchowdhury-pc" failures="0" tests="3" name="runnerclass.testngrunner" time="14.653" errors="0" timestamp="23 Apr 2022 04:58:56 GMT" skipped="0">
  <testcase classname="runnerclass.testngrunner" name="runScenario" time="4.605"/>
  <testcase classname="runnerclass.testngrunner" name="runScenario" time="5.684"/>
  <testcase classname="runnerclass.testngrunner" name="runScenario" time="4.364"/>
</testsuite> <!-- runnerclass.testngrunner -->
